2025-09-10 18:01:33 INFO  TC_E1:14 - *** Starting TC-E1 ***
2025-09-10 18:01:33 INFO  TC_E1:18 - *** clicking elements on Home page ***
2025-09-10 18:01:34 INFO  TC_E1:23 - *** Selecting TextBox ***
2025-09-10 18:01:37 INFO  TC_E1:32 - *** Verifying Submition ***
2025-09-10 18:01:37 INFO  TC_E1:37 - *** Testing for TC_E1 Completed 
2025-09-10 18:19:34 INFO  TC_E2:14 - *** Starting TC_E2 ***
2025-09-10 18:37:45 INFO  TC_E3:15 - *** Starting TC_E3 ***
2025-09-10 18:37:46 INFO  TC_E3:24 - *** Verifying Radio Button Selection ***
2025-09-10 18:37:46 INFO  TC_E3:27 - *** Completed Testing for TC_E3
2025-09-14 02:27:38 INFO  TC_E4:15 - *** Starting Test TC_E4 ***
2025-09-14 02:27:42 INFO  TC_E4:30 - *** Verifying for TC_E4 Success ***
2025-09-14 02:27:42 INFO  TC_E4:35 - *** Testing for TC_E4 Completed ***
2025-09-14 23:53:46 INFO  TC_F1:15 - *** Starting Test TC_E4 ***
2025-09-14 23:53:50 INFO  TC_F1:30 - *** Verifying for TC_E4 Success ***
2025-09-14 23:53:50 INFO  TC_F1:35 - *** Testing for TC_E4 Completed ***
2025-09-15 00:34:31 INFO  TC_A1:15 - *** Starting TC_A1 ***
2025-09-15 00:34:31 INFO  TC_A1:26 - *** Verification TC_A1 alert appers with correct message ***
2025-09-15 00:34:31 INFO  TC_A1:33 - *** Testing for TC_A1 Completed ***
2025-09-15 19:52:12 INFO  TC_A2:15 - *** Starting TC_A2 ***
2025-09-15 19:52:12 INFO  TC_A2:27 - *** Verification for TC_A2 ***
2025-09-15 19:52:12 INFO  TC_A2:32 - *** Testing Completed for TC_A2 ***
2025-09-15 19:56:31 INFO  TC_A3:15 - *** Starting TC_A2 ***
2025-09-15 19:56:31 INFO  TC_A3:29 - *** Verification for TC_A2 ***
2025-09-15 19:56:31 INFO  TC_A3:34 - *** Testing Completed for TC_A2 ***
2025-09-17 10:00:15 INFO  TC_A4:14 - *** Testing started for TC_A4 ***
2025-09-17 10:00:16 INFO  TC_A4:23 - *** Verification for TC_A4 ***
2025-09-17 10:00:16 INFO  TC_A4:28 - *** Testing completed for TC_A4 ***
2025-09-17 20:13:25 INFO  TC_A4:14 - *** Testing started for TC_A4 ***
2025-09-17 20:13:27 INFO  TC_A4:23 - *** Verification for TC_A4 ***
2025-09-17 20:13:27 INFO  TC_A4:28 - *** Testing completed for TC_A4 ***
2025-09-17 20:21:03 INFO  TC_A4:14 - *** Testing started for TC_A4 ***
2025-09-17 20:21:04 INFO  TC_A4:23 - *** Verification for TC_A4 ***
2025-09-17 20:21:04 INFO  TC_A4:28 - *** Testing completed for TC_A4 ***
2025-09-17 20:23:36 INFO  TC_A4:14 - *** Testing started for TC_A4 ***
2025-09-17 20:23:37 INFO  TC_A4:23 - *** Verification for TC_A4 ***
2025-09-17 20:23:37 INFO  TC_A4:28 - *** Testing completed for TC_A4 ***
2025-09-17 20:33:29 INFO  TC_A4:14 - *** Testing started for TC_A4 ***
2025-09-17 20:33:30 INFO  TC_A4:23 - *** Verification for TC_A4 ***
2025-09-17 20:33:30 INFO  TC_A4:28 - *** Testing completed for TC_A4 ***
2025-09-17 20:35:28 INFO  TC_A4:14 - *** Testing started for TC_A4 ***
2025-09-17 20:35:28 INFO  TC_A4:23 - *** Verification for TC_A4 ***
2025-09-17 20:35:28 INFO  TC_A4:28 - *** Testing completed for TC_A4 ***
2025-09-17 20:36:11 INFO  TC_A4:14 - *** Testing started for TC_A4 ***
2025-09-17 20:36:12 INFO  TC_A4:23 - *** Verification for TC_A4 ***
2025-09-17 20:36:12 INFO  TC_A4:28 - *** Testing completed for TC_A4 ***
2025-09-17 21:08:48 INFO  TC_A5:14 - *** Starting TC_A5 ***
2025-09-17 21:08:49 INFO  TC_A5:22 - *** Verfication for TC_A5 ***
2025-09-17 21:08:49 INFO  TC_A5:28 - *** Testing Completed for TC_A5 ***
2025-09-19 17:23:12 INFO  TC_W1:14 - *** Testing started for TC_W1 ***
2025-09-19 17:23:21 INFO  TC_W1:28 - *** Testing Completed for TC_W1 ***
2025-09-21 23:52:50 INFO  TC_W2:13 - *** Starting TC_W2 ***
2025-09-21 23:52:54 INFO  TC_W2:23 - *** Completed TC_W2 ***
2025-09-22 13:56:37 INFO  TC_W4:15 - *** Testing Begin for TC_W4 ***
2025-09-22 13:56:48 INFO  TC_W4:27 - *** Testing Completed for TC_W4 ***
2025-09-22 18:20:14 INFO  TC_W3:15 - *** Starting TC_W3 ***
2025-09-22 18:20:17 INFO  TC_W3:29 - *** Completed TC_W3 ***
2025-09-24 21:14:22 INFO  TC_W1:14 - *** Testing started for TC_W1 ***
2025-09-24 21:14:23 INFO  TC_W1:28 - *** Testing Completed for TC_W1 ***
2025-09-24 21:14:28 INFO  TC_W2:13 - *** Starting TC_W2 ***
2025-09-24 21:14:29 INFO  TC_W2:23 - *** Completed TC_W2 ***
2025-09-24 21:14:36 INFO  TC_W3:15 - *** Starting TC_W3 ***
2025-09-24 21:14:41 INFO  TC_W3:29 - *** Completed TC_W3 ***
2025-09-24 21:14:48 INFO  TC_W4:15 - *** Testing Begin for TC_W4 ***
2025-09-24 21:15:02 INFO  TC_W4:27 - *** Testing Completed for TC_W4 ***
2025-09-24 21:15:23 INFO  TC_W1:14 - *** Testing started for TC_W1 ***
2025-09-24 21:15:36 INFO  TC_W1:28 - *** Testing Completed for TC_W1 ***
2025-09-24 21:15:50 INFO  TC_W2:13 - *** Starting TC_W2 ***
2025-09-24 21:15:53 INFO  TC_W2:23 - *** Completed TC_W2 ***
2025-09-24 21:16:03 INFO  TC_W4:15 - *** Testing Begin for TC_W4 ***
2025-09-24 21:16:14 INFO  TC_W4:27 - *** Testing Completed for TC_W4 ***
